<?xml version="1.0" encoding="UTF-8"?>
<testng-results ignored="0" total="4" passed="4" failed="0" skipped="0">
  <reporter-output>
  </reporter-output>
  <suite started-at="2023-02-26T13:34:25 GMT-06:00" name="Default suite" finished-at="2023-02-26T13:34:25 GMT-06:00" duration-ms="46">
    <groups>
    </groups>
    <test started-at="2023-02-26T13:34:25 GMT-06:00" name="Default test" finished-at="2023-02-26T13:34:25 GMT-06:00" duration-ms="46">
      <class name="test1">
        <test-method signature="StreamCollect()[pri:0, instance:test1@7e9131d5]" started-at="2023-02-26T13:34:25 GMT-06:00" name="StreamCollect" finished-at="2023-02-26T13:34:25 GMT-06:00" duration-ms="9" status="PASS">
          <reporter-output>
          </reporter-output>
        </test-method> <!-- StreamCollect -->
        <test-method signature="StreamsFilter()[pri:0, instance:test1@7e9131d5]" started-at="2023-02-26T13:34:25 GMT-06:00" name="StreamsFilter" finished-at="2023-02-26T13:34:25 GMT-06:00" duration-ms="2" status="PASS">
          <reporter-output>
          </reporter-output>
        </test-method> <!-- StreamsFilter -->
        <test-method signature="regular()[pri:0, instance:test1@7e9131d5]" started-at="2023-02-26T13:34:25 GMT-06:00" name="regular" finished-at="2023-02-26T13:34:25 GMT-06:00" duration-ms="0" status="PASS">
          <reporter-output>
          </reporter-output>
        </test-method> <!-- regular -->
        <test-method signature="streamMap()[pri:0, instance:test1@7e9131d5]" started-at="2023-02-26T13:34:25 GMT-06:00" name="streamMap" finished-at="2023-02-26T13:34:25 GMT-06:00" duration-ms="4" status="PASS">
          <reporter-output>
          </reporter-output>
        </test-method> <!-- streamMap -->
      </class> <!-- test1 -->
    </test> <!-- Default test -->
  </suite> <!-- Default suite -->
</testng-results>
