<?xml version="1.0" encoding="UTF-8"?>
<!-- Generated by org.testng.reporters.JUnitXMLReporter -->
<testsuite ignored="0" hostname="PratheepLenovo" failures="0" tests="4" name="Default test" time="0.046" errors="0" timestamp="2023-02-26T13:34:25 GMT-06:00">
  <testcase classname="test1" name="StreamCollect" time="0.009"/>
  <testcase classname="test1" name="StreamsFilter" time="0.002"/>
  <testcase classname="test1" name="regular" time="0.0"/>
  <testcase classname="test1" name="streamMap" time="0.004"/>
</testsuite> <!-- Default test -->
